Zone 112 - The Usurpers of Hochenyana~ 
Mob 11202 has race set to 10 (gith)
Mob 11212 has class set to 23
Mob 11215 has class set to 23
Mob 11217 has class set to 21
Mob 11228 has race set to 80 (amphibian)
Mob 11229 has race set to 10 (gith)
Mob 11236 has race set to 40 (golem)
Mob 11240 has race set to 10 (gith)
Unknown MOB affect   AFF_SCRYING in mob 11243. It has been removed.
Mob 11248 has race set to 84 (spirit)
Finished Converting Mobs.

Unsupported ITEM Type ( ITEM_BOOK) found at obj 11208. Setting to Other.
Unsupported Obj Flag -  ITEM_ANTI_VAMPIRE at obj 11213. Removing
Unsupported Obj Flag -  ITEM_ANTI_VAMPIRE at obj 11215. Removing
Unsupported Obj Flag -  ITEM_ANTI_VAMPIRE at obj 11234. Removing
Unsupported Obj Flag -  ITEM_ANTI_VAMPIRE at obj 11244. Removing
Unsupported Obj Flag -  ITEM_ANTI_VAMPIRE at obj 11245. Removing
Unsupported Obj Flag -  ITEM_ANTI_VAMPIRE at obj 11274. Removing
Unsupported Obj Flag - ITEM_HIDDEN at obj 11275. Removing
Unsupported Obj Flag -  ITEM_ANTI_VAMPIRE at obj 11282. Removing
Unsupported Obj Flag -  ITEM_ANTI_VAMPIRE at obj 11283. Removing
Finished Converting Objects.

Unsupported ROOM FLAG (ROOM_NODROPALL) in room 11258. It has been removed.
Sectortype UNDERGROUND at room 11281 set to INSIDE.
Sectortype UNDERGROUND at room 11283 set to INSIDE.
Sectortype UNDERGROUND at room 11284 set to INSIDE.
Sectortype UNDERGROUND at room 11285 set to INSIDE.
Sectortype UNDERGROUND at room 11287 set to INSIDE.
Sectortype UNDERGROUND at room 11289 set to INSIDE.
Sectortype UNDERGROUND at room 11290 set to INSIDE.
Sectortype UNDERGROUND at room 11291 set to INSIDE.
Sectortype UNDERGROUND at room 11294 set to INSIDE.
Sectortype UNDERGROUND at room 11295 set to INSIDE.
Sectortype UNDERGROUND at room 11296 set to INSIDE.
Sectortype UNDERGROUND at room 11297 set to INSIDE.
Sectortype UNDERGROUND at room 11298 set to INSIDE.
Sectortype UNDERGROUND at room 11299 set to INSIDE.
WARNING: Possible NORECALL+NOSUMMON area. 
Finished Converting Rooms.

NOTICE: Chance? P 2 11258 1 0
Finished Converting Resets.

No shops here.
Finished Converting Shops.

Finished Converting Specials.

