Zone 318 - Land of the Cult~ 
Finished Copying Help.

Mob 31800 has unusual default position. Setting to standing.
Mob 31800 has unusual default position. Setting to standing.
Mob 31801 has unusual default position. Setting to standing.
Mob 31801 has unusual default position. Setting to standing.
Mob 31802 has unusual default position. Setting to standing.
Mob 31802 has unusual default position. Setting to standing.
Mob 31803 has unusual default position. Setting to standing.
Mob 31803 has unusual default position. Setting to standing.
Mob 31804 has unusual default position. Setting to standing.
Mob 31804 has unusual default position. Setting to standing.
Mob 31805 has unusual default position. Setting to standing.
Mob 31805 has unusual default position. Setting to standing.
Mob 31806 has unusual default position. Setting to standing.
Mob 31806 has unusual default position. Setting to standing.
Mob 31807 has unusual default position. Setting to standing.
Mob 31807 has unusual default position. Setting to standing.
Mob 31808 has unusual default position. Setting to standing.
Mob 31808 has unusual default position. Setting to standing.
Mob 31809 has unusual default position. Setting to standing.
Mob 31809 has unusual default position. Setting to standing.
Mob 31810 has unusual default position. Setting to standing.
Mob 31810 has unusual default position. Setting to standing.
Mob 31811 has unusual default position. Setting to standing.
Mob 31811 has unusual default position. Setting to standing.
Mob 31812 has unusual default position. Setting to standing.
Mob 31812 has unusual default position. Setting to standing.
Mob 31813 has unusual default position. Setting to standing.
Mob 31813 has unusual default position. Setting to standing.
Mob 31814 has unusual default position. Setting to standing.
Mob 31814 has unusual default position. Setting to standing.
Mob 31815 has unusual default position. Setting to standing.
Mob 31815 has unusual default position. Setting to standing.
Mob 31816 has unusual default position. Setting to standing.
Mob 31816 has unusual default position. Setting to standing.
Mob 31817 has unusual default position. Setting to standing.
Mob 31817 has unusual default position. Setting to standing.
Mob 31818 has unusual default position. Setting to standing.
Mob 31818 has unusual default position. Setting to standing.
Mob 31819 has unusual default position. Setting to standing.
Mob 31819 has unusual default position. Setting to standing.
Mob 31820 has unusual default position. Setting to standing.
Mob 31820 has unusual default position. Setting to standing.
Mob 31821 has unusual default position. Setting to standing.
Mob 31821 has unusual default position. Setting to standing.
Mob 31822 has unusual default position. Setting to standing.
Mob 31822 has unusual default position. Setting to standing.
Mob 31823 has unusual default position. Setting to standing.
Mob 31823 has unusual default position. Setting to standing.
Mob 31824 has unusual default position. Setting to standing.
Mob 31824 has unusual default position. Setting to standing.
Mob 31825 has unusual default position. Setting to standing.
Mob 31825 has unusual default position. Setting to standing.
Mob 31826 has unusual default position. Setting to standing.
Mob 31826 has unusual default position. Setting to standing.
Mob 31827 has unusual default position. Setting to standing.
Mob 31827 has unusual default position. Setting to standing.
Mob 31828 has unusual default position. Setting to standing.
Mob 31828 has unusual default position. Setting to standing.
Mob 31829 has unusual default position. Setting to standing.
Mob 31829 has unusual default position. Setting to standing.
Mob 31830 has unusual default position. Setting to standing.
Mob 31830 has unusual default position. Setting to standing.
Mob 31831 has unusual default position. Setting to standing.
Mob 31831 has unusual default position. Setting to standing.
Mob 31832 has unusual default position. Setting to standing.
Mob 31832 has unusual default position. Setting to standing.
Mob 31833 has unusual default position. Setting to standing.
Mob 31833 has unusual default position. Setting to standing.
Mob 31834 has unusual default position. Setting to standing.
Mob 31834 has unusual default position. Setting to standing.
Mob 31835 has unusual default position. Setting to standing.
Mob 31835 has unusual default position. Setting to standing.
Mob 31836 has unusual default position. Setting to standing.
Mob 31836 has unusual default position. Setting to standing.
Mob 31837 has unusual default position. Setting to standing.
Mob 31837 has unusual default position. Setting to standing.
Mob 31838 has unusual default position. Setting to standing.
Mob 31838 has unusual default position. Setting to standing.
Mob 31839 has unusual default position. Setting to standing.
Mob 31839 has unusual default position. Setting to standing.
Mob 31840 has unusual default position. Setting to standing.
Mob 31840 has unusual default position. Setting to standing.
Mob 31841 has unusual default position. Setting to standing.
Mob 31841 has unusual default position. Setting to standing.
Mob 31842 has unusual default position. Setting to standing.
Mob 31842 has unusual default position. Setting to standing.
Mob 31843 has unusual default position. Setting to standing.
Mob 31843 has unusual default position. Setting to standing.
Mob 31844 has unusual default position. Setting to standing.
Mob 31844 has unusual default position. Setting to standing.
Mob 31845 has unusual default position. Setting to standing.
Mob 31845 has unusual default position. Setting to standing.
Mob 31846 has unusual default position. Setting to standing.
Mob 31846 has unusual default position. Setting to standing.
Mob 31847 has unusual default position. Setting to standing.
Mob 31847 has unusual default position. Setting to standing.
Mob 31848 has unusual default position. Setting to standing.
Mob 31848 has unusual default position. Setting to standing.
Mob 31849 has unusual default position. Setting to standing.
Mob 31849 has unusual default position. Setting to standing.
Mob 31850 has unusual default position. Setting to standing.
Mob 31850 has unusual default position. Setting to standing.
Mob 31851 has unusual default position. Setting to standing.
Mob 31851 has unusual default position. Setting to standing.
Mob 31852 has unusual default position. Setting to standing.
Mob 31852 has unusual default position. Setting to standing.
Mob 31853 has unusual default position. Setting to standing.
Mob 31853 has unusual default position. Setting to standing.
Mob 31854 has unusual default position. Setting to standing.
Mob 31854 has unusual default position. Setting to standing.
Mob 31855 has unusual default position. Setting to standing.
Mob 31855 has unusual default position. Setting to standing.
Mob 31856 has unusual default position. Setting to standing.
Mob 31856 has unusual default position. Setting to standing.
Mob 31857 has unusual default position. Setting to standing.
Mob 31857 has unusual default position. Setting to standing.
Mob 31858 has unusual default position. Setting to standing.
Mob 31858 has unusual default position. Setting to standing.
Mob 31859 has unusual default position. Setting to standing.
Mob 31859 has unusual default position. Setting to standing.
Mob 31860 has unusual default position. Setting to standing.
Mob 31860 has unusual default position. Setting to standing.
Mob 31861 has unusual default position. Setting to standing.
Mob 31861 has unusual default position. Setting to standing.
Mob 31862 has unusual default position. Setting to standing.
Mob 31862 has unusual default position. Setting to standing.
Mob 31863 has unusual default position. Setting to standing.
Mob 31863 has unusual default position. Setting to standing.
Mob 31864 has unusual default position. Setting to standing.
Mob 31864 has unusual default position. Setting to standing.
Mob 31865 has unusual default position. Setting to standing.
Mob 31865 has unusual default position. Setting to standing.
Mob 31866 has unusual default position. Setting to standing.
Mob 31866 has unusual default position. Setting to standing.
Mob 31867 has unusual default position. Setting to standing.
Mob 31867 has unusual default position. Setting to standing.
Mob 31868 has unusual default position. Setting to standing.
Mob 31868 has unusual default position. Setting to standing.
Mob 31869 has unusual default position. Setting to standing.
Mob 31869 has unusual default position. Setting to standing.
Mob 31870 has unusual default position. Setting to standing.
Mob 31870 has unusual default position. Setting to standing.
Mob 31871 has unusual default position. Setting to standing.
Mob 31871 has unusual default position. Setting to standing.
Mob 31872 has unusual default position. Setting to standing.
Mob 31872 has unusual default position. Setting to standing.
Mob 31873 has unusual default position. Setting to standing.
Mob 31873 has unusual default position. Setting to standing.
Mob 31874 has unusual default position. Setting to standing.
Mob 31874 has unusual default position. Setting to standing.
Mob 31875 has unusual default position. Setting to standing.
Mob 31875 has unusual default position. Setting to standing.
Mob 31876 has unusual default position. Setting to standing.
Mob 31876 has unusual default position. Setting to standing.
Mob 31877 has unusual default position. Setting to standing.
Mob 31877 has unusual default position. Setting to standing.
Mob 31878 has unusual default position. Setting to standing.
Mob 31878 has unusual default position. Setting to standing.
Mob 31879 has unusual default position. Setting to standing.
Mob 31879 has unusual default position. Setting to standing.
Mob 31880 has unusual default position. Setting to standing.
Mob 31880 has unusual default position. Setting to standing.
Mob 31881 has unusual default position. Setting to standing.
Mob 31881 has unusual default position. Setting to standing.
Mob 31882 has unusual default position. Setting to standing.
Mob 31882 has unusual default position. Setting to standing.
Mob 31883 has unusual default position. Setting to standing.
Mob 31883 has unusual default position. Setting to standing.
Mob 31884 has unusual default position. Setting to standing.
Mob 31884 has unusual default position. Setting to standing.
Mob 31885 has unusual default position. Setting to standing.
Mob 31885 has unusual default position. Setting to standing.
Mob 31886 has unusual default position. Setting to standing.
Mob 31886 has unusual default position. Setting to standing.
Mob 31887 has unusual default position. Setting to standing.
Mob 31887 has unusual default position. Setting to standing.
Mob 31888 has unusual default position. Setting to standing.
Mob 31888 has unusual default position. Setting to standing.
Finished Converting Mobs.

Potion/Scroll object 31843  needs spell assigned.
Potion/Scroll object 31852  needs spell assigned.
Potion/Scroll object 31853  needs spell assigned.
Potion/Scroll object 31854  needs spell assigned.
Finished Converting Objects.

NOTICE: Room 31800, exit leads out of zone (to room 3901)
Finished Converting Rooms.

Finished Converting Resets.

Finished Converting Shops.

Finished Converting Specials.

