MOB 35102 has 3 mobprogs assigned.
MOB 35103 has 1 mobprogs assigned.
MOB 35104 has 2 mobprogs assigned.
PROG: Changed "mpoload 11208" to "mpoload 35108"
PROG: Changed "mpoload 11208" to "mpoload 35108"
MOB 35105 has 2 mobprogs assigned.
PROG: Changed "mpoload 11207 1" to "mpoload 35107 1"
MOB 35106 has 3 mobprogs assigned.
MOB 35107 has 3 mobprogs assigned.
MOB 35111 has 3 mobprogs assigned.
MOB 35112 has 8 mobprogs assigned.
MOB 35113 has 1 mobprogs assigned.
MOB 35114 has 1 mobprogs assigned.
MOB 35115 has 6 mobprogs assigned.
MOB 35116 has 1 mobprogs assigned.
MOB 35117 has 5 mobprogs assigned.
MOB 35119 has 1 mobprogs assigned.
PROG: Changed "mpoload 11230" to "mpoload 35130"
PROG: Changed "mpoload 11231" to "mpoload 35131"
MOB 35122 has 3 mobprogs assigned.
MOB 35123 has 1 mobprogs assigned.
MOB 35124 has 3 mobprogs assigned.
MOB 35125 has 3 mobprogs assigned.
PROG: Changed "c poison $n" to "c 'poison' $n"
MOB 35126 has 1 mobprogs assigned.
MOB 35127 has 1 mobprogs assigned.
MOB 35128 has 2 mobprogs assigned.
MOB 35129 has 2 mobprogs assigned.
MOB 35130 has 2 mobprogs assigned.
MOB 35131 has 1 mobprogs assigned.
PROG: Changed "c chill $r" to "c 'chill' $r"
PROG: Changed "c weaken $r" to "c 'weaken' $r"
PROG: Changed "c blindness $n" to "c 'blindness' $n"
PROG: Changed "c galvanic $n" to "c 'galvanic' $n"
PROG: Changed "c curse $r" to "c 'curse' $r"
PROG: Changed "c poison $r" to "c 'poison' $r"
MOB 35132 has 3 mobprogs assigned.
MOB 35134 has 2 mobprogs assigned.
MOB 35135 has 2 mobprogs assigned.
PROG: Changed "c gas" to "c 'gas'"
MOB 35136 has 1 mobprogs assigned.
PROG: Changed "c winter $r" to "c 'winter' $r"
PROG: Changed "c chill $r" to "c 'chill' $r"
PROG: Changed "c chill $r" to "c 'chill' $r"
PROG: Changed "c chill $r" to "c 'chill' $r"
PROG: Changed "c weaken $r" to "c 'weaken' $r"
PROG: Changed "c enchant whip" to "c 'enchant' whip"
MOB 35138 has 4 mobprogs assigned.
PROG: Changed "c chill $r" to "c 'chill' $r"
PROG: Changed "c blindness $r" to "c 'blindness' $r"
PROG: Changed "c weaken $r" to "c 'weaken' $r"
PROG: Changed "mpoload 11263" to "mpoload 35163"
MOB 35139 has 3 mobprogs assigned.
PROG: Changed "c blindness $n" to "c 'blindness' $n"
PROG: Changed "c weaken $n" to "c 'weaken' $n"
MOB 35140 has 2 mobprogs assigned.
PROG: Changed "mpat 3 c invis" to "mpat 3 c 'invis'"
MOB 35142 has 3 mobprogs assigned.
PROG: Changed "mpoload 11273 48" to "mpoload 35173 48"
PROG: Changed "mpopenpassage 11282 1056 4" to "mpopenpassage 35182 1056 4"
PROG: Changed "c gas" to "c 'gas'"
PROG: Changed "c chill $r" to "c 'chill' $r"
PROG: Changed "c weaken $r" to "c 'weaken' $r"
PROG: Changed "c earth" to "c 'earth'"
PROG: Changed "c gas" to "c 'gas'"
MOB 35143 has 8 mobprogs assigned.
MOB 35144 has 3 mobprogs assigned.
PROG: Changed "c chill" to "c 'chill'"
PROG: Changed "c weaken" to "c 'weaken'"
MOB 35145 has 2 mobprogs assigned.
MOB 35146 has 2 mobprogs assigned.
PROG: Changed "mpat 3 c heal" to "mpat 3 c 'heal'"
PROG: Changed "mpat 3 c heal" to "mpat 3 c 'heal'"
MOB 35147 has 3 mobprogs assigned.
MOB 35148 has 1 mobprogs assigned.
PROG: Changed "mpmload 11201 " to "mpmload 35101"
PROG: Changed "mpmload 11201" to "mpmload 35101"
PROG: Changed "mpforce umber c poison $n" to "mpforce umber c 'poison' $n"
PROG: Changed "mpforce 2.umber c weaken $n" to "mpforce 2.umber c 'weaken' $n"
PROG: Changed "c shadowform" to "c 'shadowform'"
PROG: Changed "c blazeward" to "c 'blazeward'"
PROG: Changed "c inner" to "c 'inner'"
PROG: Changed "c dragonskin" to "c 'dragonskin'"
PROG: Changed "c demonskin" to "c 'demonskin'"
PROG: Changed "mpoload 11201 30" to "mpoload 35101 30"
PROG: Changed "c blazebane" to "c 'blazebane'"
PROG: Changed "c fireball" to "c 'fireball'"
PROG: Changed "c winter" to "c 'winter'"
PROG: Changed "c chill" to "c 'chill'"
PROG: Changed "c blindness" to "c 'blindness'"
MOB 35151 has 3 mobprogs assigned.
OBJ 35108 has 1 objprogs assigned.
PROG: Changed "mpopenpassage 11229 11288 5" to "mpopenpassage 35129 35188 5"
PROG: Changed "mpopenpassage 11288 11229 4" to "mpopenpassage 35188 35129 4"
PROG: Changed "mpclosepassage 11229 5" to "mpclosepassage 35129 5"
PROG: Changed "mpclosepassage 11288 4" to "mpclosepassage 35188 4"
OBJ 35117 has 2 objprogs assigned.
PROG: Changed "c elven $n" to "c 'elven' $n"
OBJ 35122 has 1 objprogs assigned.
OBJ 35123 has 1 objprogs assigned.
PROG: Changed "c invis $n" to "c 'invis' $n"
OBJ 35141 has 1 objprogs assigned.
PROG: Changed "c sagacity $n" to "c 'sagacity' $n"
OBJ 35147 has 1 objprogs assigned.
OBJ 35148 has 1 objprogs assigned.
OBJ 35154 has 1 objprogs assigned.
PROG: Changed "c slink $n" to "c 'slink' $n"
OBJ 35168 has 1 objprogs assigned.
PROG: Changed "mpclosepassage 11272 0" to "mpclosepassage 35172 0"
PROG: Changed "mpopenpassage 11272 11282 0" to "mpopenpassage 35172 35182 0"
OBJ 35171 has 2 objprogs assigned.
OBJ 35178 has 1 objprogs assigned.
PROG: Changed "c kin $n" to "c 'kin' $n"
PROG: Changed "c troll $n" to "c 'troll' $n"
OBJ 35182 has 1 objprogs assigned.
ROOM 35150 has 1 roomprogs assigned.
ROOM 35174 has 1 roomprogs assigned.
