Zone 83 - Old Marsh~ 
Finished Copying Help.

Mob 8301 has unusual default position. Setting to standing.
Mob 8301 has unusual default position. Setting to standing.
Mob 8302 has unusual default position. Setting to standing.
Mob 8302 has unusual default position. Setting to standing.
Mob 8303 has unusual default position. Setting to standing.
Mob 8303 has unusual default position. Setting to standing.
Mob 8304 has unusual default position. Setting to standing.
Mob 8304 has unusual default position. Setting to standing.
Mob 8305 has unusual default position. Setting to standing.
Mob 8305 has unusual default position. Setting to standing.
Mob 8306 has unusual default position. Setting to standing.
Mob 8306 has unusual default position. Setting to standing.
Mob 8307 has unusual default position. Setting to standing.
Mob 8307 has unusual default position. Setting to standing.
Mob 8308 has unusual default position. Setting to standing.
Mob 8308 has unusual default position. Setting to standing.
Mob 8309 has unusual default position. Setting to standing.
Mob 8309 has unusual default position. Setting to standing.
Mob 8310 has unusual default position. Setting to standing.
Mob 8310 has unusual default position. Setting to standing.
Mob 8312 has unusual default position. Setting to standing.
Mob 8312 has unusual default position. Setting to standing.
Mob 8313 has unusual default position. Setting to standing.
Mob 8313 has unusual default position. Setting to standing.
Mob 8314 has unusual default position. Setting to standing.
Mob 8314 has unusual default position. Setting to standing.
Mob 8318 has unusual default position. Setting to standing.
Mob 8318 has unusual default position. Setting to standing.
Mob 8319 has unusual default position. Setting to standing.
Mob 8319 has unusual default position. Setting to standing.
Mob 8320 has unusual default position. Setting to standing.
Mob 8320 has unusual default position. Setting to standing.
Mob 8321 has unusual default position. Setting to standing.
Mob 8321 has unusual default position. Setting to standing.
Finished Converting Mobs.

Potion/Scroll object 8307  needs spell assigned.
Finished Converting Objects.

NOTICE: Room 8301, exit leads out of zone (to room 6125)
NOTICE: Room 8318, exit leads out of zone (to room -1)
Finished Converting Rooms.

Finished Converting Resets.

No shops here.
Finished Converting Shops.

Finished Converting Specials.

